 this is Discrete tabu search algorithm
 for maximum score estimation
 Initial score is   0.388361045130641     
 Initial attributes           83         100         599         827
  MaxScore =  0.745843 dzmax =  0.357482 Max Score Ever =  0.745843
  MaxScore =  0.768409 dzmax =  0.022565 Max Score Ever =  0.768409
  MaxScore =  0.794537 dzmax =  0.026128 Max Score Ever =  0.794537
  MaxScore =  0.808789 dzmax =  0.014252 Max Score Ever =  0.808789
  MaxScore =  0.826603 dzmax =  0.017815 Max Score Ever =  0.826603
  MaxScore =  0.831354 dzmax =  0.004751 Max Score Ever =  0.831354
  MaxScore =  0.865796 dzmax =  0.034442 Max Score Ever =  0.865796
  MaxScore =  0.882423 dzmax =  0.016627 Max Score Ever =  0.882423
  MaxScore =  0.871734 dzmax = -0.010689 Max Score Ever =  0.882423
  MaxScore =  0.874109 dzmax =  0.002375 Max Score Ever =  0.882423
  MaxScore =  0.902613 dzmax =  0.028504 Max Score Ever =  0.902613
  MaxScore =  0.902613 dzmax = -0.000000 Max Score Ever =  0.902613
  MaxScore =  0.902613 dzmax =  0.000000 Max Score Ever =  0.902613
  MaxScore =  0.904988 dzmax =  0.002375 Max Score Ever =  0.904988
  MaxScore =  0.903800 dzmax = -0.001188 Max Score Ever =  0.904988
  MaxScore =  0.903800 dzmax = -0.000000 Max Score Ever =  0.904988
  MaxScore =  0.903800 dzmax =  0.000000 Max Score Ever =  0.904988
  MaxScore =  0.902613 dzmax = -0.001188 Max Score Ever =  0.904988
  MaxScore =  0.903800 dzmax =  0.001188 Max Score Ever =  0.904988
  MaxScore =  0.902613 dzmax = -0.001188 Max Score Ever =  0.904988
  MaxScore =  0.904988 dzmax =  0.002375 Max Score Ever =  0.904988
  MaxScore =  0.903800 dzmax = -0.001188 Max Score Ever =  0.904988
  MaxScore =  0.903800 dzmax =  0.000000 Max Score Ever =  0.904988
  MaxScore =  0.903800 dzmax =  0.000000 Max Score Ever =  0.904988
  MaxScore =  0.904988 dzmax =  0.001188 Max Score Ever =  0.904988
  MaxScore =  0.904988 dzmax = -0.000000 Max Score Ever =  0.904988
  MaxScore =  0.903800 dzmax = -0.001188 Max Score Ever =  0.904988
  MaxScore =  0.906176 dzmax =  0.002375 Max Score Ever =  0.906176
  MaxScore =  0.906176 dzmax = -0.000000 Max Score Ever =  0.906176
  MaxScore =  0.906176 dzmax =  0.000000 Max Score Ever =  0.906176
  MaxScore =  0.906176 dzmax =  0.000000 Max Score Ever =  0.906176
  MaxScore =  0.904988 dzmax = -0.001188 Max Score Ever =  0.906176
  MaxScore =  0.904988 dzmax =  0.000000 Max Score Ever =  0.906176
  MaxScore =  0.906176 dzmax =  0.001188 Max Score Ever =  0.906176
  MaxScore =  0.904988 dzmax = -0.001188 Max Score Ever =  0.906176
  MaxScore =  0.904988 dzmax =  0.000000 Max Score Ever =  0.906176
  MaxScore =  0.904988 dzmax =  0.000000 Max Score Ever =  0.906176
  MaxScore =  0.904988 dzmax =  0.000000 Max Score Ever =  0.906176
  MaxScore =  0.906176 dzmax =  0.001188 Max Score Ever =  0.906176
  MaxScore =  0.906176 dzmax = -0.000000 Max Score Ever =  0.906176
  MaxScore =  0.906176 dzmax =  0.000000 Max Score Ever =  0.906176
  MaxScore =  0.906176 dzmax =  0.000000 Max Score Ever =  0.906176
  MaxScore =  0.907363 dzmax =  0.001188 Max Score Ever =  0.907363
  MaxScore =  0.907363 dzmax = -0.000000 Max Score Ever =  0.907363
  MaxScore =  0.904988 dzmax = -0.002375 Max Score Ever =  0.907363
  MaxScore =  0.906176 dzmax =  0.001188 Max Score Ever =  0.907363
  MaxScore =  0.904988 dzmax = -0.001188 Max Score Ever =  0.907363
  MaxScore =  0.906176 dzmax =  0.001188 Max Score Ever =  0.907363
  MaxScore =  0.906176 dzmax =  0.000000 Max Score Ever =  0.907363
  MaxScore =  0.906176 dzmax =  0.000000 Max Score Ever =  0.907363
  MaxScore =  0.906176 dzmax =  0.000000 Max Score Ever =  0.907363
  MaxScore =  0.907363 dzmax =  0.001188 Max Score Ever =  0.907363
  MaxScore =  0.907363 dzmax = -0.000000 Max Score Ever =  0.907363
  MaxScore =  0.906176 dzmax = -0.001188 Max Score Ever =  0.907363
  MaxScore =  0.906176 dzmax =  0.000000 Max Score Ever =  0.907363
  MaxScore =  0.907363 dzmax =  0.001188 Max Score Ever =  0.907363
  MaxScore =  0.906176 dzmax = -0.001188 Max Score Ever =  0.907363
  MaxScore =  0.907363 dzmax =  0.001188 Max Score Ever =  0.907363
  MaxScore =  0.906176 dzmax = -0.001188 Max Score Ever =  0.907363
  MaxScore =  0.904988 dzmax = -0.001188 Max Score Ever =  0.907363
  MaxScore =  0.906176 dzmax =  0.001188 Max Score Ever =  0.907363
  MaxScore =  0.904988 dzmax = -0.001188 Max Score Ever =  0.907363
  MaxScore =  0.906176 dzmax =  0.001188 Max Score Ever =  0.907363
  MaxScore =  0.904988 dzmax = -0.001188 Max Score Ever =  0.907363
  MaxScore =  0.906176 dzmax =  0.001188 Max Score Ever =  0.907363
  MaxScore =  0.906176 dzmax =  0.000000 Max Score Ever =  0.907363
  MaxScore =  0.906176 dzmax =  0.000000 Max Score Ever =  0.907363
  MaxScore =  0.904988 dzmax = -0.001188 Max Score Ever =  0.907363
  MaxScore =  0.904988 dzmax =  0.000000 Max Score Ever =  0.907363
  MaxScore =  0.906176 dzmax =  0.001188 Max Score Ever =  0.907363
  MaxScore =  0.904988 dzmax = -0.001188 Max Score Ever =  0.907363
  MaxScore =  0.904988 dzmax =  0.000000 Max Score Ever =  0.907363
  MaxScore =  0.904988 dzmax =  0.000000 Max Score Ever =  0.907363
  MaxScore =  0.906176 dzmax =  0.001188 Max Score Ever =  0.907363
  MaxScore =  0.904988 dzmax = -0.001188 Max Score Ever =  0.907363
  MaxScore =  0.906176 dzmax =  0.001188 Max Score Ever =  0.907363
  MaxScore =  0.906176 dzmax = -0.000000 Max Score Ever =  0.907363
  MaxScore =  0.904988 dzmax = -0.001188 Max Score Ever =  0.907363
  MaxScore =  0.906176 dzmax =  0.001188 Max Score Ever =  0.907363
  MaxScore =  0.906176 dzmax =  0.000000 Max Score Ever =  0.907363
  MaxScore =  0.907363 dzmax =  0.001188 Max Score Ever =  0.907363
  MaxScore =  0.907363 dzmax = -0.000000 Max Score Ever =  0.907363
  MaxScore =  0.907363 dzmax =  0.000000 Max Score Ever =  0.907363
  MaxScore =  0.907363 dzmax =  0.000000 Max Score Ever =  0.907363
  MaxScore =  0.906176 dzmax = -0.001188 Max Score Ever =  0.907363
  MaxScore =  0.904988 dzmax = -0.001188 Max Score Ever =  0.907363
  MaxScore =  0.906176 dzmax =  0.001188 Max Score Ever =  0.907363
  MaxScore =  0.907363 dzmax =  0.001188 Max Score Ever =  0.907363
  MaxScore =  0.906176 dzmax = -0.001188 Max Score Ever =  0.907363
  MaxScore =  0.906176 dzmax =  0.000000 Max Score Ever =  0.907363
  MaxScore =  0.907363 dzmax =  0.001188 Max Score Ever =  0.907363
  MaxScore =  0.906176 dzmax = -0.001188 Max Score Ever =  0.907363
  MaxScore =  0.906176 dzmax =  0.000000 Max Score Ever =  0.907363
  MaxScore =  0.906176 dzmax =  0.000000 Max Score Ever =  0.907363
  MaxScore =  0.906176 dzmax =  0.000000 Max Score Ever =  0.907363
  MaxScore =  0.907363 dzmax =  0.001188 Max Score Ever =  0.907363
  MaxScore =  0.904988 dzmax = -0.002375 Max Score Ever =  0.907363
  MaxScore =  0.904988 dzmax =  0.000000 Max Score Ever =  0.907363
  MaxScore =  0.904988 dzmax =  0.000000 Max Score Ever =  0.907363
  MaxScore =  0.907363 dzmax =  0.002375 Max Score Ever =  0.907363
  MaxScore =  0.907363 dzmax = -0.000000 Max Score Ever =  0.907363
  MaxScore =  0.906176 dzmax = -0.001188 Max Score Ever =  0.907363
  MaxScore =  0.906176 dzmax =  0.000000 Max Score Ever =  0.907363
  MaxScore =  0.906176 dzmax =  0.000000 Max Score Ever =  0.907363
  MaxScore =  0.904988 dzmax = -0.001188 Max Score Ever =  0.907363
  MaxScore =  0.906176 dzmax =  0.001188 Max Score Ever =  0.907363
  MaxScore =  0.904988 dzmax = -0.001188 Max Score Ever =  0.907363
  MaxScore =  0.904988 dzmax =  0.000000 Max Score Ever =  0.907363
  MaxScore =  0.906176 dzmax =  0.001188 Max Score Ever =  0.907363
  MaxScore =  0.906176 dzmax = -0.000000 Max Score Ever =  0.907363
  MaxScore =  0.904988 dzmax = -0.001188 Max Score Ever =  0.907363
  MaxScore =  0.904988 dzmax =  0.000000 Max Score Ever =  0.907363
  MaxScore =  0.906176 dzmax =  0.001188 Max Score Ever =  0.907363
  MaxScore =  0.906176 dzmax = -0.000000 Max Score Ever =  0.907363
  MaxScore =  0.904988 dzmax = -0.001188 Max Score Ever =  0.907363
  MaxScore =  0.906176 dzmax =  0.001188 Max Score Ever =  0.907363
  MaxScore =  0.906176 dzmax =  0.000000 Max Score Ever =  0.907363
  MaxScore =  0.906176 dzmax =  0.000000 Max Score Ever =  0.907363
  MaxScore =  0.904988 dzmax = -0.001188 Max Score Ever =  0.907363
  MaxScore =  0.906176 dzmax =  0.001188 Max Score Ever =  0.907363
  MaxScore =  0.907363 dzmax =  0.001188 Max Score Ever =  0.907363
  MaxScore =  0.907363 dzmax = -0.000000 Max Score Ever =  0.907363
  MaxScore =  0.907363 dzmax =  0.000000 Max Score Ever =  0.907363
  MaxScore =  0.907363 dzmax =  0.000000 Max Score Ever =  0.907363
  MaxScore =  0.907363 dzmax =  0.000000 Max Score Ever =  0.907363
  MaxScore =  0.907363 dzmax =  0.000000 Max Score Ever =  0.907363
  MaxScore =  0.904988 dzmax = -0.002375 Max Score Ever =  0.907363
  MaxScore =  0.904988 dzmax =  0.000000 Max Score Ever =  0.907363
  MaxScore =  0.904988 dzmax =  0.000000 Max Score Ever =  0.907363
  MaxScore =  0.906176 dzmax =  0.001188 Max Score Ever =  0.907363
  MaxScore =  0.907363 dzmax =  0.001188 Max Score Ever =  0.907363
  MaxScore =  0.907363 dzmax =  0.000000 Max Score Ever =  0.907363
  MaxScore =  0.903800 dzmax = -0.003563 Max Score Ever =  0.907363
  MaxScore =  0.903800 dzmax =  0.000000 Max Score Ever =  0.907363
  MaxScore =  0.906176 dzmax =  0.002375 Max Score Ever =  0.907363
  MaxScore =  0.906176 dzmax = -0.000000 Max Score Ever =  0.907363
  MaxScore =  0.906176 dzmax =  0.000000 Max Score Ever =  0.907363
  MaxScore =  0.907363 dzmax =  0.001188 Max Score Ever =  0.907363
  MaxScore =  0.907363 dzmax = -0.000000 Max Score Ever =  0.907363
  MaxScore =  0.907363 dzmax =  0.000000 Max Score Ever =  0.907363
  MaxScore =  0.906176 dzmax = -0.001188 Max Score Ever =  0.907363
  MaxScore =  0.906176 dzmax =  0.000000 Max Score Ever =  0.907363
  MaxScore =  0.907363 dzmax =  0.001188 Max Score Ever =  0.907363
  MaxScore =  0.906176 dzmax = -0.001188 Max Score Ever =  0.907363
  MaxScore =  0.906176 dzmax =  0.000000 Max Score Ever =  0.907363
  MaxScore =  0.906176 dzmax =  0.000000 Max Score Ever =  0.907363
  MaxScore =  0.907363 dzmax =  0.001188 Max Score Ever =  0.907363
  MaxScore =  0.907363 dzmax = -0.000000 Max Score Ever =  0.907363
  MaxScore =  0.908551 dzmax =  0.001188 Max Score Ever =  0.908551
  MaxScore =  0.907363 dzmax = -0.001188 Max Score Ever =  0.908551
  MaxScore =  0.907363 dzmax =  0.000000 Max Score Ever =  0.908551
  MaxScore =  0.904988 dzmax = -0.002375 Max Score Ever =  0.908551
  MaxScore =  0.904988 dzmax =  0.000000 Max Score Ever =  0.908551
  MaxScore =  0.907363 dzmax =  0.002375 Max Score Ever =  0.908551
  MaxScore =  0.907363 dzmax = -0.000000 Max Score Ever =  0.908551
  MaxScore =  0.907363 dzmax =  0.000000 Max Score Ever =  0.908551
  MaxScore =  0.906176 dzmax = -0.001188 Max Score Ever =  0.908551
  MaxScore =  0.906176 dzmax =  0.000000 Max Score Ever =  0.908551
  MaxScore =  0.906176 dzmax =  0.000000 Max Score Ever =  0.908551
  MaxScore =  0.906176 dzmax =  0.000000 Max Score Ever =  0.908551
  MaxScore =  0.906176 dzmax =  0.000000 Max Score Ever =  0.908551
  MaxScore =  0.907363 dzmax =  0.001188 Max Score Ever =  0.908551
  MaxScore =  0.907363 dzmax = -0.000000 Max Score Ever =  0.908551
  MaxScore =  0.906176 dzmax = -0.001188 Max Score Ever =  0.908551
  MaxScore =  0.906176 dzmax =  0.000000 Max Score Ever =  0.908551
  MaxScore =  0.906176 dzmax =  0.000000 Max Score Ever =  0.908551
  MaxScore =  0.907363 dzmax =  0.001188 Max Score Ever =  0.908551
  MaxScore =  0.907363 dzmax = -0.000000 Max Score Ever =  0.908551
  MaxScore =  0.906176 dzmax = -0.001188 Max Score Ever =  0.908551
  MaxScore =  0.907363 dzmax =  0.001188 Max Score Ever =  0.908551
  MaxScore =  0.907363 dzmax =  0.000000 Max Score Ever =  0.908551
  MaxScore =  0.906176 dzmax = -0.001188 Max Score Ever =  0.908551
  MaxScore =  0.907363 dzmax =  0.001188 Max Score Ever =  0.908551
  MaxScore =  0.906176 dzmax = -0.001188 Max Score Ever =  0.908551
  MaxScore =  0.907363 dzmax =  0.001188 Max Score Ever =  0.908551
  MaxScore =  0.906176 dzmax = -0.001188 Max Score Ever =  0.908551
  MaxScore =  0.907363 dzmax =  0.001188 Max Score Ever =  0.908551
  MaxScore =  0.907363 dzmax =  0.000000 Max Score Ever =  0.908551
  MaxScore =  0.906176 dzmax = -0.001188 Max Score Ever =  0.908551
  MaxScore =  0.907363 dzmax =  0.001188 Max Score Ever =  0.908551
  MaxScore =  0.907363 dzmax =  0.000000 Max Score Ever =  0.908551
  MaxScore =  0.907363 dzmax =  0.000000 Max Score Ever =  0.908551
  MaxScore =  0.907363 dzmax =  0.000000 Max Score Ever =  0.908551
  MaxScore =  0.907363 dzmax =  0.000000 Max Score Ever =  0.908551
  MaxScore =  0.906176 dzmax = -0.001188 Max Score Ever =  0.908551
  MaxScore =  0.907363 dzmax =  0.001188 Max Score Ever =  0.908551
  MaxScore =  0.906176 dzmax = -0.001188 Max Score Ever =  0.908551
  MaxScore =  0.904988 dzmax = -0.001188 Max Score Ever =  0.908551
  MaxScore =  0.904988 dzmax = -0.000000 Max Score Ever =  0.908551
  MaxScore =  0.906176 dzmax =  0.001188 Max Score Ever =  0.908551
  MaxScore =  0.906176 dzmax = -0.000000 Max Score Ever =  0.908551
  MaxScore =  0.906176 dzmax =  0.000000 Max Score Ever =  0.908551
  MaxScore =  0.907363 dzmax =  0.001188 Max Score Ever =  0.908551
  MaxScore =  0.906176 dzmax = -0.001188 Max Score Ever =  0.908551
  MaxScore =  0.904988 dzmax = -0.001188 Max Score Ever =  0.908551
  MaxScore =  0.906176 dzmax =  0.001188 Max Score Ever =  0.908551
  MaxScore =  0.906176 dzmax =  0.000000 Max Score Ever =  0.908551
  MaxScore =  0.906176 dzmax =  0.000000 Max Score Ever =  0.908551
  MaxScore =  0.907363 dzmax =  0.001188 Max Score Ever =  0.908551
 Argmax is    3.20512773633606       0.852563917418754     
   162.679483113855       -101.378194804360     
 MaxScore Ever is   0.908551068883610     
 MaxScore at Argmax is   0.908551068883610     
 coefficient of variable 0 b(0) is   1.00000000000000     
 attributes are          57         185         152         618
 ntenure =           50 niterover =          200 niternotimproved =           50
 Time of computation was    2.859375      seconds
