this is Discrete tabu search algorithm
for maximum score estimation
==========1==========
Initial score is 0.000000
Initial attributes: 452 819 1122 1318 1368 1891 
 MaxScore = 0.536127 dzmax = 0.536127 Max Score Ever = 0.536127 
 MaxScore = 0.609235 dzmax = 0.073108 Max Score Ever = 0.609235 
 MaxScore = 0.635742 dzmax = 0.026507 Max Score Ever = 0.635742 
 MaxScore = 0.638307 dzmax = 0.002565 Max Score Ever = 0.638307 
 MaxScore = 0.643010 dzmax = 0.004703 Max Score Ever = 0.643010 
 MaxScore = 0.668234 dzmax = 0.025224 Max Score Ever = 0.668234 
 MaxScore = 0.677212 dzmax = 0.008978 Max Score Ever = 0.677212 
 MaxScore = 0.681060 dzmax = 0.003848 Max Score Ever = 0.681060 
 MaxScore = 0.681915 dzmax = 0.000855 Max Score Ever = 0.681915 
 MaxScore = 0.682770 dzmax = 0.000855 Max Score Ever = 0.682770 
 MaxScore = 0.682770 dzmax = 0.000000 Max Score Ever = 0.682770 
 MaxScore = 0.685336 dzmax = 0.002565 Max Score Ever = 0.685336 
 MaxScore = 0.686191 dzmax = 0.000855 Max Score Ever = 0.686191 
 MaxScore = 0.685763 dzmax = -0.000428 Max Score Ever = 0.686191 
 MaxScore = 0.686191 dzmax = 0.000428 Max Score Ever = 0.686191 
 MaxScore = 0.686191 dzmax = 0.000000 Max Score Ever = 0.686191 
 MaxScore = 0.686191 dzmax = 0.000000 Max Score Ever = 0.686191 
 MaxScore = 0.686618 dzmax = 0.000428 Max Score Ever = 0.686618 
 MaxScore = 0.686618 dzmax = 0.000000 Max Score Ever = 0.686618 
 MaxScore = 0.686191 dzmax = -0.000428 Max Score Ever = 0.686618 
 MaxScore = 0.686618 dzmax = 0.000428 Max Score Ever = 0.686618 
 MaxScore = 0.686618 dzmax = 0.000000 Max Score Ever = 0.686618 
 MaxScore = 0.686191 dzmax = -0.000428 Max Score Ever = 0.686618 
 MaxScore = 0.686618 dzmax = 0.000428 Max Score Ever = 0.686618 
 MaxScore = 0.686618 dzmax = 0.000000 Max Score Ever = 0.686618 
 MaxScore = 0.686618 dzmax = 0.000000 Max Score Ever = 0.686618 
 MaxScore = 0.687473 dzmax = 0.000855 Max Score Ever = 0.687473 
 MaxScore = 0.687046 dzmax = -0.000428 Max Score Ever = 0.687473 
 MaxScore = 0.687473 dzmax = 0.000428 Max Score Ever = 0.687473 
 MaxScore = 0.687473 dzmax = 0.000000 Max Score Ever = 0.687473 
 MaxScore = 0.687473 dzmax = 0.000000 Max Score Ever = 0.687473 
 MaxScore = 0.687473 dzmax = 0.000000 Max Score Ever = 0.687473 
 MaxScore = 0.687901 dzmax = 0.000428 Max Score Ever = 0.687901 
 MaxScore = 0.687901 dzmax = 0.000000 Max Score Ever = 0.687901 
 MaxScore = 0.687901 dzmax = 0.000000 Max Score Ever = 0.687901 
 MaxScore = 0.688328 dzmax = 0.000428 Max Score Ever = 0.688328 
 MaxScore = 0.687901 dzmax = -0.000428 Max Score Ever = 0.688328 
 MaxScore = 0.688328 dzmax = 0.000428 Max Score Ever = 0.688328 
 MaxScore = 0.687901 dzmax = -0.000428 Max Score Ever = 0.688328 
 MaxScore = 0.687901 dzmax = 0.000000 Max Score Ever = 0.688328 
 MaxScore = 0.687901 dzmax = 0.000000 Max Score Ever = 0.688328 
 MaxScore = 0.687901 dzmax = 0.000000 Max Score Ever = 0.688328 
 MaxScore = 0.687901 dzmax = 0.000000 Max Score Ever = 0.688328 
 MaxScore = 0.688328 dzmax = 0.000428 Max Score Ever = 0.688328 
 MaxScore = 0.687901 dzmax = -0.000428 Max Score Ever = 0.688328 
 MaxScore = 0.687901 dzmax = 0.000000 Max Score Ever = 0.688328 
 MaxScore = 0.688328 dzmax = 0.000428 Max Score Ever = 0.688328 
 MaxScore = 0.687901 dzmax = -0.000428 Max Score Ever = 0.688328 
 MaxScore = 0.687901 dzmax = 0.000000 Max Score Ever = 0.688328 
 MaxScore = 0.687901 dzmax = 0.000000 Max Score Ever = 0.688328 
 MaxScore = 0.687473 dzmax = -0.000428 Max Score Ever = 0.688328 
 MaxScore = 0.687901 dzmax = 0.000428 Max Score Ever = 0.688328 
 MaxScore = 0.687473 dzmax = -0.000428 Max Score Ever = 0.688328 
 MaxScore = 0.687473 dzmax = 0.000000 Max Score Ever = 0.688328 
 MaxScore = 0.689611 dzmax = 0.002138 Max Score Ever = 0.689611 
 MaxScore = 0.689611 dzmax = 0.000000 Max Score Ever = 0.689611 
 MaxScore = 0.690466 dzmax = 0.000855 Max Score Ever = 0.690466 
 MaxScore = 0.690894 dzmax = 0.000428 Max Score Ever = 0.690894 
 MaxScore = 0.690038 dzmax = -0.000855 Max Score Ever = 0.690894 
 MaxScore = 0.690894 dzmax = 0.000855 Max Score Ever = 0.690894 
 MaxScore = 0.691321 dzmax = 0.000428 Max Score Ever = 0.691321 
 MaxScore = 0.691321 dzmax = 0.000000 Max Score Ever = 0.691321 
 MaxScore = 0.691321 dzmax = 0.000000 Max Score Ever = 0.691321 
 MaxScore = 0.690894 dzmax = -0.000428 Max Score Ever = 0.691321 
 MaxScore = 0.690894 dzmax = 0.000000 Max Score Ever = 0.691321 
 MaxScore = 0.690894 dzmax = 0.000000 Max Score Ever = 0.691321 
 MaxScore = 0.690894 dzmax = 0.000000 Max Score Ever = 0.691321 
 MaxScore = 0.690894 dzmax = 0.000000 Max Score Ever = 0.691321 
 MaxScore = 0.690894 dzmax = 0.000000 Max Score Ever = 0.691321 
 MaxScore = 0.691321 dzmax = 0.000428 Max Score Ever = 0.691321 
 MaxScore = 0.691321 dzmax = 0.000000 Max Score Ever = 0.691321 
 MaxScore = 0.690894 dzmax = -0.000428 Max Score Ever = 0.691321 
 MaxScore = 0.690894 dzmax = 0.000000 Max Score Ever = 0.691321 
 MaxScore = 0.690894 dzmax = 0.000000 Max Score Ever = 0.691321 
 MaxScore = 0.690894 dzmax = 0.000000 Max Score Ever = 0.691321 
 MaxScore = 0.690466 dzmax = -0.000428 Max Score Ever = 0.691321 
 MaxScore = 0.690894 dzmax = 0.000428 Max Score Ever = 0.691321 
 MaxScore = 0.690894 dzmax = 0.000000 Max Score Ever = 0.691321 
 MaxScore = 0.690894 dzmax = 0.000000 Max Score Ever = 0.691321 
 MaxScore = 0.690894 dzmax = 0.000000 Max Score Ever = 0.691321 
 MaxScore = 0.690894 dzmax = 0.000000 Max Score Ever = 0.691321 
 MaxScore = 0.690894 dzmax = 0.000000 Max Score Ever = 0.691321 
 MaxScore = 0.689183 dzmax = -0.001710 Max Score Ever = 0.691321 
 MaxScore = 0.690466 dzmax = 0.001283 Max Score Ever = 0.691321 
 MaxScore = 0.690466 dzmax = 0.000000 Max Score Ever = 0.691321 
 MaxScore = 0.690466 dzmax = 0.000000 Max Score Ever = 0.691321 
 MaxScore = 0.690466 dzmax = 0.000000 Max Score Ever = 0.691321 
 MaxScore = 0.690466 dzmax = 0.000000 Max Score Ever = 0.691321 
 MaxScore = 0.690466 dzmax = 0.000000 Max Score Ever = 0.691321 
 MaxScore = 0.690894 dzmax = 0.000428 Max Score Ever = 0.691321 
 MaxScore = 0.690894 dzmax = 0.000000 Max Score Ever = 0.691321 
 MaxScore = 0.690466 dzmax = -0.000428 Max Score Ever = 0.691321 
 MaxScore = 0.690466 dzmax = 0.000000 Max Score Ever = 0.691321 
 MaxScore = 0.690466 dzmax = 0.000000 Max Score Ever = 0.691321 
 MaxScore = 0.690038 dzmax = -0.000428 Max Score Ever = 0.691321 
 MaxScore = 0.691321 dzmax = 0.001283 Max Score Ever = 0.691321 
 MaxScore = 0.690894 dzmax = -0.000428 Max Score Ever = 0.691321 
 MaxScore = 0.690466 dzmax = -0.000428 Max Score Ever = 0.691321 
 MaxScore = 0.690894 dzmax = 0.000428 Max Score Ever = 0.691321 
 MaxScore = 0.690466 dzmax = -0.000428 Max Score Ever = 0.691321 
 MaxScore = 0.690466 dzmax = 0.000000 Max Score Ever = 0.691321 
 MaxScore = 0.690466 dzmax = 0.000000 Max Score Ever = 0.691321 
 MaxScore = 0.690466 dzmax = 0.000000 Max Score Ever = 0.691321 
 MaxScore = 0.690466 dzmax = 0.000000 Max Score Ever = 0.691321 
 MaxScore = 0.690894 dzmax = 0.000428 Max Score Ever = 0.691321 
 MaxScore = 0.690894 dzmax = 0.000000 Max Score Ever = 0.691321 
 MaxScore = 0.690894 dzmax = 0.000000 Max Score Ever = 0.691321 
 MaxScore = 0.690466 dzmax = -0.000428 Max Score Ever = 0.691321 
 MaxScore = 0.690466 dzmax = 0.000000 Max Score Ever = 0.691321 
 MaxScore = 0.690894 dzmax = 0.000428 Max Score Ever = 0.691321 
 MaxScore = 0.690894 dzmax = 0.000000 Max Score Ever = 0.691321 
 MaxScore = 0.691321 dzmax = 0.000428 Max Score Ever = 0.691321 
 MaxScore = 0.691321 dzmax = 0.000000 Max Score Ever = 0.691321 
 MaxScore = 0.691321 dzmax = 0.000000 Max Score Ever = 0.691321 
 MaxScore = 0.691321 dzmax = 0.000000 Max Score Ever = 0.691321 
 MaxScore = 0.691321 dzmax = 0.000000 Max Score Ever = 0.691321 
 MaxScore = 0.691749 dzmax = 0.000428 Max Score Ever = 0.691749 
 MaxScore = 0.691749 dzmax = 0.000000 Max Score Ever = 0.691749 
 MaxScore = 0.691749 dzmax = 0.000000 Max Score Ever = 0.691749 
 MaxScore = 0.691749 dzmax = 0.000000 Max Score Ever = 0.691749 
 MaxScore = 0.691321 dzmax = -0.000428 Max Score Ever = 0.691749 
 MaxScore = 0.691321 dzmax = 0.000000 Max Score Ever = 0.691749 
 MaxScore = 0.691321 dzmax = 0.000000 Max Score Ever = 0.691749 
 MaxScore = 0.691321 dzmax = 0.000000 Max Score Ever = 0.691749 
 MaxScore = 0.691321 dzmax = 0.000000 Max Score Ever = 0.691749 
 MaxScore = 0.690894 dzmax = -0.000428 Max Score Ever = 0.691749 
 MaxScore = 0.690894 dzmax = 0.000000 Max Score Ever = 0.691749 
 MaxScore = 0.691321 dzmax = 0.000428 Max Score Ever = 0.691749 
 MaxScore = 0.691321 dzmax = 0.000000 Max Score Ever = 0.691749 
 MaxScore = 0.691321 dzmax = 0.000000 Max Score Ever = 0.691749 
 MaxScore = 0.691321 dzmax = 0.000000 Max Score Ever = 0.691749 
 MaxScore = 0.691321 dzmax = 0.000000 Max Score Ever = 0.691749 
 MaxScore = 0.690466 dzmax = -0.000855 Max Score Ever = 0.691749 
 MaxScore = 0.690466 dzmax = 0.000000 Max Score Ever = 0.691749 
 MaxScore = 0.690038 dzmax = -0.000428 Max Score Ever = 0.691749 
 MaxScore = 0.689611 dzmax = -0.000428 Max Score Ever = 0.691749 
 MaxScore = 0.690466 dzmax = 0.000855 Max Score Ever = 0.691749 
 MaxScore = 0.690038 dzmax = -0.000428 Max Score Ever = 0.691749 
 MaxScore = 0.690038 dzmax = 0.000000 Max Score Ever = 0.691749 
 MaxScore = 0.690894 dzmax = 0.000855 Max Score Ever = 0.691749 
 MaxScore = 0.691321 dzmax = 0.000428 Max Score Ever = 0.691749 
 MaxScore = 0.691321 dzmax = 0.000000 Max Score Ever = 0.691749 
 MaxScore = 0.691321 dzmax = 0.000000 Max Score Ever = 0.691749 
 MaxScore = 0.690894 dzmax = -0.000428 Max Score Ever = 0.691749 
 MaxScore = 0.690894 dzmax = 0.000000 Max Score Ever = 0.691749 
 MaxScore = 0.690894 dzmax = 0.000000 Max Score Ever = 0.691749 
 MaxScore = 0.690894 dzmax = 0.000000 Max Score Ever = 0.691749 
 MaxScore = 0.690894 dzmax = 0.000000 Max Score Ever = 0.691749 
 MaxScore = 0.690894 dzmax = 0.000000 Max Score Ever = 0.691749 
 MaxScore = 0.691321 dzmax = 0.000428 Max Score Ever = 0.691749 
 MaxScore = 0.691321 dzmax = 0.000000 Max Score Ever = 0.691749 
 MaxScore = 0.690894 dzmax = -0.000428 Max Score Ever = 0.691749 
 MaxScore = 0.690894 dzmax = 0.000000 Max Score Ever = 0.691749 
 MaxScore = 0.690894 dzmax = 0.000000 Max Score Ever = 0.691749 
 MaxScore = 0.690894 dzmax = 0.000000 Max Score Ever = 0.691749 
 MaxScore = 0.690466 dzmax = -0.000428 Max Score Ever = 0.691749 
 MaxScore = 0.690894 dzmax = 0.000428 Max Score Ever = 0.691749 
 MaxScore = 0.690894 dzmax = 0.000000 Max Score Ever = 0.691749 
 MaxScore = 0.690894 dzmax = 0.000000 Max Score Ever = 0.691749 
 MaxScore = 0.690894 dzmax = 0.000000 Max Score Ever = 0.691749 
 MaxScore = 0.690894 dzmax = 0.000000 Max Score Ever = 0.691749 
 MaxScore = 0.690894 dzmax = 0.000000 Max Score Ever = 0.691749 
 MaxScore = 0.689183 dzmax = -0.001710 Max Score Ever = 0.691749 
 MaxScore = 0.690466 dzmax = 0.001283 Max Score Ever = 0.691749 
 MaxScore = 0.690466 dzmax = 0.000000 Max Score Ever = 0.691749 
 MaxScore = 0.690466 dzmax = 0.000000 Max Score Ever = 0.691749 
 MaxScore = 0.690466 dzmax = 0.000000 Max Score Ever = 0.691749 
 MaxScore = 0.690466 dzmax = 0.000000 Max Score Ever = 0.691749 
 MaxScore = 0.690466 dzmax = 0.000000 Max Score Ever = 0.691749 
 MaxScore = 0.690894 dzmax = 0.000428 Max Score Ever = 0.691749 
 MaxScore = 0.690894 dzmax = 0.000000 Max Score Ever = 0.691749 
 MaxScore = 0.690466 dzmax = -0.000428 Max Score Ever = 0.691749 
 MaxScore = 0.690466 dzmax = 0.000000 Max Score Ever = 0.691749 
 MaxScore = 0.690466 dzmax = 0.000000 Max Score Ever = 0.691749 
 MaxScore = 0.690038 dzmax = -0.000428 Max Score Ever = 0.691749 
 MaxScore = 0.691321 dzmax = 0.001283 Max Score Ever = 0.691749 
 MaxScore = 0.690894 dzmax = -0.000428 Max Score Ever = 0.691749 
 MaxScore = 0.690466 dzmax = -0.000428 Max Score Ever = 0.691749 
 MaxScore = 0.690894 dzmax = 0.000428 Max Score Ever = 0.691749 
 MaxScore = 0.690466 dzmax = -0.000428 Max Score Ever = 0.691749 
 MaxScore = 0.690466 dzmax = 0.000000 Max Score Ever = 0.691749 
 MaxScore = 0.690466 dzmax = 0.000000 Max Score Ever = 0.691749 
 MaxScore = 0.690466 dzmax = 0.000000 Max Score Ever = 0.691749 
 MaxScore = 0.690466 dzmax = 0.000000 Max Score Ever = 0.691749 
 MaxScore = 0.690894 dzmax = 0.000428 Max Score Ever = 0.691749 
 MaxScore = 0.690894 dzmax = 0.000000 Max Score Ever = 0.69174